<?xml version="1.0" encoding="UTF-8"?>
<!-- Generated by org.testng.reporters.JUnitXMLReporter -->
<testsuite ignored="2" hostname="DESKTOP-2RL33PM" failures="0" tests="2" name="Test" time="24.201" errors="0" timestamp="2022-12-17T09:18:12 IST">
  <testcase classname="scripts.Script1" name="createCustomer" time="0.036"/>
  <testcase classname="scripts.Script2" name="deleteProduct" time="0.038"/>
  <testcase classname="generic.BaseTest" name="@BeforeSuite createReport" time="0.0">
    <ignored/>
  </testcase> <!-- @BeforeSuite createReport -->
  <testcase classname="generic.BaseTest" name="@AfterSuite publishReport" time="0.0">
    <ignored/>
  </testcase> <!-- @AfterSuite publishReport -->
</testsuite> <!-- Test -->
