<?xml version="1.0" encoding="UTF-8"?>
<!-- Generated by org.testng.reporters.JUnitXMLReporter -->
<testsuite ignored="2" hostname="DESKTOP-2RL33PM" failures="0" tests="2" name="TestStaging" time="4.555" errors="0" timestamp="2022-12-19T23:09:38 IST">
  <testcase classname="scripts.Script1" name="createCustomer" time="0.0">
    <skipped/>
  </testcase> <!-- createCustomer -->
  <testcase classname="scripts.Script2" name="createCustomer" time="0.0">
    <skipped/>
  </testcase> <!-- createCustomer -->
  <testcase classname="generic.BaseTest" name="@BeforeSuite createReport" time="0.0">
    <ignored/>
  </testcase> <!-- @BeforeSuite createReport -->
  <testcase classname="generic.BaseTest" name="@AfterSuite publishReport" time="0.0">
    <ignored/>
  </testcase> <!-- @AfterSuite publishReport -->
</testsuite> <!-- TestStaging -->
