<?xml version="1.0" encoding="UTF-8"?>
<testng-results ignored="8" total="10" passed="2" failed="0" skipped="0">
  <reporter-output>
  </reporter-output>
  <suite started-at="2022-12-22T08:02:12 IST" name="Suite" finished-at="2022-12-22T08:02:52 IST" duration-ms="40474">
    <groups>
    </groups>
    <test started-at="2022-12-22T08:02:12 IST" name="TestQA" finished-at="2022-12-22T08:02:52 IST" duration-ms="40474">
      <class name="scripts.InValidLogin">
        <test-method is-config="true" signature="createReport()[pri:0, instance:scripts.InValidLogin@8c3619e]" started-at="2022-12-22T08:02:11 IST" name="createReport" finished-at="2022-12-22T08:02:12 IST" duration-ms="415" status="PASS">
          <reporter-output>
          </reporter-output>
        </test-method> <!-- createReport -->
        <test-method is-config="true" signature="openApp(java.lang.String,java.lang.reflect.Method)[pri:0, instance:scripts.InValidLogin@8c3619e]" started-at="2022-12-22T08:02:36 IST" name="openApp" finished-at="2022-12-22T08:02:47 IST" duration-ms="10734" status="PASS">
          <params>
            <param index="0">
              <value>
                <![CDATA[qa.properties]]>
              </value>
            </param>
            <param index="1">
              <value>
                <![CDATA[public void scripts.InValidLogin.testInvalidLogin()]]>
              </value>
            </param>
          </params>
          <reporter-output>
          </reporter-output>
        </test-method> <!-- openApp -->
        <test-method signature="testInvalidLogin()[pri:2, instance:scripts.InValidLogin@8c3619e]" started-at="2022-12-22T08:02:47 IST" name="testInvalidLogin" finished-at="2022-12-22T08:02:51 IST" duration-ms="3871" status="PASS">
          <reporter-output>
          </reporter-output>
        </test-method> <!-- testInvalidLogin -->
        <test-method is-config="true" signature="closeApp(org.testng.ITestResult)[pri:0, instance:scripts.InValidLogin@8c3619e]" started-at="2022-12-22T08:02:51 IST" name="closeApp" finished-at="2022-12-22T08:02:52 IST" duration-ms="1320" status="PASS">
          <params>
            <param index="0">
              <value>
                <![CDATA[[TestResult name=testInvalidLogin status=SUCCESS method=InValidLogin.testInvalidLogin()[pri:2, instance:scripts.InValidLogin@8c3619e] output={null}]]]>
              </value>
            </param>
          </params>
          <reporter-output>
          </reporter-output>
        </test-method> <!-- closeApp -->
        <test-method is-config="true" signature="publishReport()[pri:0, instance:scripts.InValidLogin@8c3619e]" started-at="2022-12-22T08:02:52 IST" name="publishReport" finished-at="2022-12-22T08:02:53 IST" duration-ms="1048" status="PASS">
          <reporter-output>
          </reporter-output>
        </test-method> <!-- publishReport -->
      </class> <!-- scripts.InValidLogin -->
      <class name="scripts.ValidLogin">
        <test-method is-config="true" signature="openApp(java.lang.String,java.lang.reflect.Method)[pri:0, instance:scripts.ValidLogin@55493582]" started-at="2022-12-22T08:02:12 IST" name="openApp" finished-at="2022-12-22T08:02:24 IST" duration-ms="12398" status="PASS">
          <params>
            <param index="0">
              <value>
                <![CDATA[qa.properties]]>
              </value>
            </param>
            <param index="1">
              <value>
                <![CDATA[public void scripts.ValidLogin.testValidLogin()]]>
              </value>
            </param>
          </params>
          <reporter-output>
          </reporter-output>
        </test-method> <!-- openApp -->
        <test-method signature="testValidLogin()[pri:1, instance:scripts.ValidLogin@55493582]" started-at="2022-12-22T08:02:24 IST" name="testValidLogin" finished-at="2022-12-22T08:02:33 IST" duration-ms="8706" status="PASS">
          <reporter-output>
          </reporter-output>
        </test-method> <!-- testValidLogin -->
        <test-method is-config="true" signature="closeApp(org.testng.ITestResult)[pri:0, instance:scripts.ValidLogin@55493582]" started-at="2022-12-22T08:02:33 IST" name="closeApp" finished-at="2022-12-22T08:02:36 IST" duration-ms="3322" status="PASS">
          <params>
            <param index="0">
              <value>
                <![CDATA[[TestResult name=testValidLogin status=SUCCESS method=ValidLogin.testValidLogin()[pri:1, instance:scripts.ValidLogin@55493582] output={null}]]]>
              </value>
            </param>
          </params>
          <reporter-output>
          </reporter-output>
        </test-method> <!-- closeApp -->
      </class> <!-- scripts.ValidLogin -->
    </test> <!-- TestQA -->
  </suite> <!-- Suite -->
</testng-results>
